# JRE version: OpenJDK Runtime Environment (21.0.6) (build 21.0.6+-13355223-b631.42)
# Java VM: OpenJDK 64-Bit Server VM (21.0.6+-13355223-b631.42, mixed mode, tiered, compressed oops, compressed class ptrs, g1 gc, windows-amd64)
GC Precious Log:
 CardTable entry size: 512
 Card Set container configuration: InlinePtr #cards 5 size 8 Array Of Cards #cards 12 size 40 Howl #buckets 4 coarsen threshold 1843 Howl Bitmap #cards 512 size 80 coarsen threshold 460 Card regions per heap region 1 cards per card region 2048
 CPUs: 4 total, 4 available
 Memory: 3526M
 Large Page Support: Disabled
 NUMA Support: Disabled
 Compressed Oops: Enabled (32-bit)
 Heap Region Size: 1M
 Heap Min Capacity: 8M
 Heap Initial Capacity: 56M
 Heap Max Capacity: 2G
 Pre-touch: Disabled
 Parallel Workers: 4
 Concurrent Workers: 1
 Concurrent Refinement Workers: 4
 Periodic GC: Disabled
Heap:
 garbage-first heap   total 261120K, used 165658K [0x0000000080000000, 0x0000000100000000)
  region size 1024K, 9 young (9216K), 1 survivors (1024K)
 Metaspace       used 129747K, committed 132224K, reserved 1179648K
  class space    used 17662K, committed 18880K, reserved 1048576K
GC Heap History (20 events):
Event: 90.848 GC heap before
{Heap before GC invocations=44 (full 0):
 garbage-first heap   total 228352K, used 225412K [0x0000000080000000, 0x0000000100000000)
  region size 1024K, 97 young (99328K), 5 survivors (5120K)
 Metaspace       used 102378K, committed 104640K, reserved 1179648K
  class space    used 13960K, committed 15040K, reserved 1048576K
}
Event: 90.947 GC heap after
{Heap after GC invocations=45 (full 0):
 garbage-first heap   total 240640K, used 140966K [0x0000000080000000, 0x0000000100000000)
  region size 1024K, 13 young (13312K), 13 survivors (13312K)
 Metaspace       used 102378K, committed 104640K, reserved 1179648K
  class space    used 13960K, committed 15040K, reserved 1048576K
}
Event: 93.847 GC heap before
{Heap before GC invocations=45 (full 0):
 garbage-first heap   total 240640K, used 213670K [0x0000000080000000, 0x0000000100000000)
  region size 1024K, 84 young (86016K), 13 survivors (13312K)
 Metaspace       used 102379K, committed 104640K, reserved 1179648K
  class space    used 13960K, committed 15040K, reserved 1048576K
}
Event: 93.872 GC heap after
{Heap after GC invocations=46 (full 0):
 garbage-first heap   total 240640K, used 143541K [0x0000000080000000, 0x0000000100000000)
  region size 1024K, 6 young (6144K), 6 survivors (6144K)
 Metaspace       used 102379K, committed 104640K, reserved 1179648K
  class space    used 13960K, committed 15040K, reserved 1048576K
}
Event: 97.635 GC heap before
{Heap before GC invocations=46 (full 0):
 garbage-first heap   total 240640K, used 194741K [0x0000000080000000, 0x0000000100000000)
  region size 1024K, 58 young (59392K), 6 survivors (6144K)
 Metaspace       used 103388K, committed 105600K, reserved 1179648K
  class space    used 14052K, committed 15168K, reserved 1048576K
}
Event: 97.650 GC heap after
{Heap after GC invocations=47 (full 0):
 garbage-first heap   total 240640K, used 146613K [0x0000000080000000, 0x0000000100000000)
  region size 1024K, 9 young (9216K), 9 survivors (9216K)
 Metaspace       used 103388K, committed 105600K, reserved 1179648K
  class space    used 14052K, committed 15168K, reserved 1048576K
}
Event: 100.816 GC heap before
{Heap before GC invocations=48 (full 0):
 garbage-first heap   total 249856K, used 219317K [0x0000000080000000, 0x0000000100000000)
  region size 1024K, 78 young (79872K), 9 survivors (9216K)
 Metaspace       used 111399K, committed 113728K, reserved 1179648K
  class space    used 15104K, committed 16256K, reserved 1048576K
}
Event: 100.835 GC heap after
{Heap after GC invocations=49 (full 0):
 garbage-first heap   total 249856K, used 149283K [0x0000000080000000, 0x0000000100000000)
  region size 1024K, 8 young (8192K), 8 survivors (8192K)
 Metaspace       used 111399K, committed 113728K, reserved 1179648K
  class space    used 15104K, committed 16256K, reserved 1048576K
}
Event: 105.494 GC heap before
{Heap before GC invocations=49 (full 0):
 garbage-first heap   total 249856K, used 233251K [0x0000000080000000, 0x0000000100000000)
  region size 1024K, 85 young (87040K), 8 survivors (8192K)
 Metaspace       used 116232K, committed 118592K, reserved 1179648K
  class space    used 15567K, committed 16768K, reserved 1048576K
}
Event: 105.524 GC heap after
{Heap after GC invocations=50 (full 0):
 garbage-first heap   total 249856K, used 152092K [0x0000000080000000, 0x0000000100000000)
  region size 1024K, 10 young (10240K), 10 survivors (10240K)
 Metaspace       used 116232K, committed 118592K, reserved 1179648K
  class space    used 15567K, committed 16768K, reserved 1048576K
}
Event: 769.030 GC heap before
{Heap before GC invocations=50 (full 0):
 garbage-first heap   total 249856K, used 224796K [0x0000000080000000, 0x0000000100000000)
  region size 1024K, 82 young (83968K), 10 survivors (10240K)
 Metaspace       used 120377K, committed 122880K, reserved 1179648K
  class space    used 16077K, committed 17344K, reserved 1048576K
}
Event: 769.782 GC heap after
{Heap after GC invocations=51 (full 0):
 garbage-first heap   total 249856K, used 156082K [0x0000000080000000, 0x0000000100000000)
  region size 1024K, 5 young (5120K), 5 survivors (5120K)
 Metaspace       used 120377K, committed 122880K, reserved 1179648K
  class space    used 16077K, committed 17344K, reserved 1048576K
}
Event: 1129.227 GC heap before
{Heap before GC invocations=52 (full 0):
 garbage-first heap   total 261120K, used 162226K [0x0000000080000000, 0x0000000100000000)
  region size 1024K, 12 young (12288K), 5 survivors (5120K)
 Metaspace       used 120399K, committed 122880K, reserved 1179648K
  class space    used 16077K, committed 17344K, reserved 1048576K
}
Event: 1129.632 GC heap after
{Heap after GC invocations=53 (full 0):
 garbage-first heap   total 261120K, used 157411K [0x0000000080000000, 0x0000000100000000)
  region size 1024K, 1 young (1024K), 1 survivors (1024K)
 Metaspace       used 120399K, committed 122880K, reserved 1179648K
  class space    used 16077K, committed 17344K, reserved 1048576K
}
Event: 5567.239 GC heap before
{Heap before GC invocations=53 (full 0):
 garbage-first heap   total 261120K, used 244451K [0x0000000080000000, 0x0000000100000000)
  region size 1024K, 87 young (89088K), 1 survivors (1024K)
 Metaspace       used 120547K, committed 123008K, reserved 1179648K
  class space    used 16077K, committed 17344K, reserved 1048576K
}
Event: 5567.602 GC heap after
{Heap after GC invocations=54 (full 0):
 garbage-first heap   total 261120K, used 155894K [0x0000000080000000, 0x0000000100000000)
  region size 1024K, 1 young (1024K), 1 survivors (1024K)
 Metaspace       used 120547K, committed 123008K, reserved 1179648K
  class space    used 16077K, committed 17344K, reserved 1048576K
}
Event: 6857.183 GC heap before
{Heap before GC invocations=54 (full 0):
 garbage-first heap   total 261120K, used 239862K [0x0000000080000000, 0x0000000100000000)
  region size 1024K, 84 young (86016K), 1 survivors (1024K)
 Metaspace       used 127375K, committed 129792K, reserved 1179648K
  class space    used 17368K, committed 18560K, reserved 1048576K
}
Event: 6857.228 GC heap after
{Heap after GC invocations=55 (full 0):
 garbage-first heap   total 261120K, used 157691K [0x0000000080000000, 0x0000000100000000)
  region size 1024K, 3 young (3072K), 3 survivors (3072K)
 Metaspace       used 127375K, committed 129792K, reserved 1179648K
  class space    used 17368K, committed 18560K, reserved 1048576K
}
Event: 6857.674 GC heap before
{Heap before GC invocations=55 (full 0):
 garbage-first heap   total 261120K, used 169979K [0x0000000080000000, 0x0000000100000000)
  region size 1024K, 15 young (15360K), 3 survivors (3072K)
 Metaspace       used 129277K, committed 131712K, reserved 1179648K
  class space    used 17587K, committed 18816K, reserved 1048576K
}
Event: 6857.694 GC heap after
{Heap after GC invocations=56 (full 0):
 garbage-first heap   total 261120K, used 158490K [0x0000000080000000, 0x0000000100000000)
  region size 1024K, 1 young (1024K), 1 survivors (1024K)
 Metaspace       used 129277K, committed 131712K, reserved 1179648K
  class space    used 17587K, committed 18816K, reserved 1048576K
}

